-6362
29 4 74 
3 39 68 
7 26 62 
7 25 61 
19 22 59 
7 14 59 
19 17 55 
17 26 53 
44 7 47 
35 1 47 
38 12 47 
32 4 44 
10 26 43 
35 12 41 
33 7 40 
48 12 34 
38 23 33 
42 6 32 
49 32 26 
19 48 23 
2 13 22 
2 30 21 
8 15 21 
45 48 21 
46 24 20 
37 30 19 
34 4 16 
2 3 13 
44 6 13 
19 25 12 
48 23 7 
2 22 6 
41 18 5 
22 14 5 
3 32 3 
35 22 1 
1 8 0 
5 12 0 
1 0 0 
20 36 -1 
3 0 -3 
23 6 -3 
21 25 -3 
8 26 -5 
33 8 -6 
6 14 -6 
10 18 -6 
45 5 -6 
27 13 -7 
39 31 -10 
16 38 -11 
40 43 -12 
44 8 -12 
10 24 -14 
35 10 -15 
17 8 -15 
20 48 -16 
17 29 -16 
4 10 -17 
13 45 -17 
49 22 -18 
47 48 -18 
35 6 -18 
15 40 -18 
7 30 -19 
9 24 -19 
34 25 -19 
10 22 -21 
9 22 -23 
24 28 -23 
9 41 -24 
25 0 -24 
47 44 -24 
8 6 -25 
1 26 -25 
42 16 -26 
16 23 -32 
7 47 -32 
23 9 -33 
6 12 -34 
31 38 -34 
12 25 -36 
42 7 -39 
30 13 -41 
48 27 -41 
48 6 -42 
7 16 -42 
35 49 -43 
18 7 -45 
42 39 -45 
22 31 -45 
0 17 -45 
32 18 -46 
10 44 -47 
48 28 -47 
48 49 -48 
47 37 -50 
8 19 -50 
35 34 -50 
7 31 -51 
19 36 -51 
36 46 -51 
30 36 -51 
27 34 -52 
32 22 -53 
42 2 -54 
27 29 -55 
20 34 -56 
37 44 -57 
36 21 -58 
14 10 -58 
32 34 -59 
34 14 -59 
2 8 -59 
1 45 -61 
39 23 -61 
43 9 -61 
19 7 -62 
9 35 -63 
36 2 -63 
13 4 -65 
36 43 -65 
21 10 -65 
15 45 -66 
15 29 -67 
30 33 -67 
28 4 -67 
27 8 -67 
40 0 -68 
21 30 -68 
9 21 -68 
21 18 -68 
48 21 -68 
32 42 -69 
5 28 -70 
10 41 -70 
27 38 -72 
29 47 -73 
41 35 -74 
16 17 -74 
9 29 -75 
42 24 -76 
35 28 -76 
9 3 -76 
5 29 -76 
41 31 -77 
13 40 -77 
6 7 -77 
3 13 -77 
6 31 -78 
14 9 -78 
48 37 -79 
36 9 -81 
12 46 -81 
42 5 -81 
2 45 -81 
30 49 -81 
49 37 -83 
39 40 -83 
32 23 -84 
12 34 -84 
30 10 -84 
6 49 -88 
7 22 -89 
32 11 -89 
32 30 -90 
5 36 -90 
33 14 -91 
21 39 -92 
23 40 -92 
33 32 -93 
47 16 -94 
12 3 -95 
17 33 -95 
46 31 -97 
33 3 -98 
11 2 -99 
45 8 -100 
29 10 -100 
10 39 -100 
